<?xml version="1.0" encoding="UTF-8"?>
<!-- Generated by org.testng.reporters.JUnitXMLReporter -->
<testsuite hostname="NBTITMA121815" ignored="2" name="Login" tests="1" failures="0" timestamp="2020-03-03T18:23:02 BRT" time="374.823" errors="0">
  <testcase name="ConsultarFinanciamentoPF" time="372.68" classname="br.gov.caixa.siemp.tests.Veiculos"/>
  <testcase name="SimularFinanciamentoCredFrotaPJ" time="0.0" classname="br.gov.caixa.siemp.tests.Veiculos">
    <ignored/>
  </testcase> <!-- SimularFinanciamentoCredFrotaPJ -->
  <testcase name="SimularFinanciamentoCredFrotaLocadoraPJ" time="0.0" classname="br.gov.caixa.siemp.tests.Veiculos">
    <ignored/>
  </testcase> <!-- SimularFinanciamentoCredFrotaLocadoraPJ -->
</testsuite> <!-- Login -->
